<?xml version="1.0" encoding="UTF-8"?>
<testsuite xmlns:xsi="http://www.w3.org/2001/XMLSchema-instance" xsi:noNamespaceSchemaLocation="https://maven.apache.org/surefire/maven-surefire-plugin/xsd/surefire-test-report.xsd" name="gic.maven.AppTest" time="0.022" tests="1" errors="0" skipped="0" failures="0">
  <properties>
    <property name="java.specification.version" value="21"/>
    <property name="sun.cpu.isalist" value="amd64"/>
    <property name="sun.jnu.encoding" value="Cp1252"/>
    <property name="java.class.path" value="D:\ITC&amp;GIC_(Agenda)\I-4_GIC(PUM_MOUYLANG)\SEMESTER_2\DevOps\Coding\demo_for_test\maven_midterm\target\test-classes;D:\ITC&amp;GIC_(Agenda)\I-4_GIC(PUM_MOUYLANG)\SEMESTER_2\DevOps\Coding\demo_for_test\maven_midterm\target\classes;C:\Users\MSII\.m2\repository\junit\junit\4.11\junit-4.11.jar;C:\Users\MSII\.m2\repository\org\hamcrest\hamcrest-core\1.3\hamcrest-core-1.3.jar;"/>
    <property name="java.vm.vendor" value="Oracle Corporation"/>
    <property name="sun.arch.data.model" value="64"/>
    <property name="user.variant" value=""/>
    <property name="java.vendor.url" value="https://java.oracle.com/"/>
    <property name="user.timezone" value="Asia/Bangkok"/>
    <property name="os.name" value="Windows 11"/>
    <property name="java.vm.specification.version" value="21"/>
    <property name="sun.java.launcher" value="SUN_STANDARD"/>
    <property name="user.country" value="US"/>
    <property name="sun.boot.library.path" value="C:\Program Files\Java\jdk-21\bin"/>
    <property name="sun.java.command" value="C:\Users\MSII\AppData\Local\Temp\surefire7944335028201434366\surefirebooter2052630761869295708.jar C:\Users\MSII\AppData\Local\Temp\surefire7944335028201434366 2024-03-27T22-06-22_919-jvmRun1 surefire2428085562912574944tmp surefire_03881437420895771416tmp"/>
    <property name="jdk.debug" value="release"/>
    <property name="surefire.test.class.path" value="D:\ITC&amp;GIC_(Agenda)\I-4_GIC(PUM_MOUYLANG)\SEMESTER_2\DevOps\Coding\demo_for_test\maven_midterm\target\test-classes;D:\ITC&amp;GIC_(Agenda)\I-4_GIC(PUM_MOUYLANG)\SEMESTER_2\DevOps\Coding\demo_for_test\maven_midterm\target\classes;C:\Users\MSII\.m2\repository\junit\junit\4.11\junit-4.11.jar;C:\Users\MSII\.m2\repository\org\hamcrest\hamcrest-core\1.3\hamcrest-core-1.3.jar;"/>
    <property name="sun.cpu.endian" value="little"/>
    <property name="user.home" value="C:\Users\MSII"/>
    <property name="user.language" value="en"/>
    <property name="java.specification.vendor" value="Oracle Corporation"/>
    <property name="java.version.date" value="2023-10-17"/>
    <property name="java.home" value="C:\Program Files\Java\jdk-21"/>
    <property name="file.separator" value="\"/>
    <property name="basedir" value="D:\ITC&amp;GIC_(Agenda)\I-4_GIC(PUM_MOUYLANG)\SEMESTER_2\DevOps\Coding\demo_for_test\maven_midterm"/>
    <property name="java.vm.compressedOopsMode" value="32-bit"/>
    <property name="line.separator" value="&#10;"/>
    <property name="java.vm.specification.vendor" value="Oracle Corporation"/>
    <property name="java.specification.name" value="Java Platform API Specification"/>
    <property name="surefire.real.class.path" value="C:\Users\MSII\AppData\Local\Temp\surefire7944335028201434366\surefirebooter2052630761869295708.jar"/>
    <property name="user.script" value=""/>
    <property name="sun.management.compiler" value="HotSpot 64-Bit Tiered Compilers"/>
    <property name="java.runtime.version" value="21.0.1+12-LTS-29"/>
    <property name="user.name" value="MOUYLANG PUM"/>
    <property name="stdout.encoding" value="Cp1252"/>
    <property name="path.separator" value=";"/>
    <property name="os.version" value="10.0"/>
    <property name="java.runtime.name" value="Java(TM) SE Runtime Environment"/>
    <property name="file.encoding" value="UTF-8"/>
    <property name="java.vm.name" value="Java HotSpot(TM) 64-Bit Server VM"/>
    <property name="localRepository" value="C:\Users\MSII\.m2\repository"/>
    <property name="java.vendor.url.bug" value="https://bugreport.java.com/bugreport/"/>
    <property name="java.io.tmpdir" value="C:\Users\MSII\AppData\Local\Temp\"/>
    <property name="java.version" value="21.0.1"/>
    <property name="user.dir" value="D:\ITC&amp;GIC_(Agenda)\I-4_GIC(PUM_MOUYLANG)\SEMESTER_2\DevOps\Coding\demo_for_test\maven_midterm"/>
    <property name="os.arch" value="amd64"/>
    <property name="java.vm.specification.name" value="Java Virtual Machine Specification"/>
    <property name="sun.os.patch.level" value=""/>
    <property name="native.encoding" value="Cp1252"/>
    <property name="java.library.path" value="C:\Program Files\Java\jdk-21\bin;C:\WINDOWS\Sun\Java\bin;C:\WINDOWS\system32;C:\WINDOWS;C:\Program Files (x86)\VMware\VMware Workstation\bin\;C:\Program Files\Common Files\Oracle\Java\javapath;C:\Program Files\Eclipse Adoptium\jdk-17.0.6.10-hotspot\bin;C:\Program Files (x86)\Common Files\Oracle\Java\javapath;C:\WINDOWS\system32;C:\WINDOWS;C:\WINDOWS\System32\Wbem;C:\WINDOWS\System32\WindowsPowerShell\v1.0\;C:\WINDOWS\System32\OpenSSH\;C:\MinGW\bin;C:\Program Files\Git\cmd;C:\Program Files\MySQL\MySQL Server 8.0\bin;C:\wamp64\bin\php\php8.2.0;C:\Users\MSII\AppData\Roaming\nvm;C:\Program Files\nodejs;C:\Program Files\Apache Software Foundation\apache-maven-3.9.5\bin;C:\ProgramData;C:\ProgramData\composer;C:\Program Files\Apache Software Foundation\gradle-8.7\bin;C:\Program Files\flutter\bin;C:\jflex-1.9.1\bin;C:\Program Files\Docker\Docker\resources\bin;C:\Users\MSII\AppData\Local\Programs\Python\Python311\Scripts\;C:\Users\MSII\AppData\Local\Programs\Python\Python311\;C:\Users\MSII\AppData\Local\Microsoft\WindowsApps;C:\Users\MSII\AppData\Local\Programs\Microsoft VS Code\bin;C:\MinGW\bin;C:\Program Files\Java\jdk-21\bin;C:\Users\MSII\AppData\Local\GitHubDesktop\bin;C:\Program Files\JetBrains\IntelliJ IDEA Community Edition 2023.1.2\bin;;C:\Users\MSII\AppData\Roaming\npm;C:\wamp64\bin\php\php8.2.0;C:\Users\MSII\AppData\Local\ComposerSetup\bin;C:\Users\MSII\AppData\Roaming\Composer\vendor\bin;C:\Users\MSII\AppData\Roaming\nvm;C:\Program Files\nodejs;C:\Program Files\MySQL\MySQL Server 8.0\bin;C:\Program Files\Apache Software Foundation\apache-maven-3.9.5\bin;C:\Program Files\Apache Software Foundation\gradle-8.7\bin;C:\Program Files\JetBrains\PhpStorm 2023.3.2\bin;;C:\Program Files\flutter\bin;C:\jflex-1.9.1\bin;C:\Users\MSII\AppData\Local\Programs\oh-my-posh\bin;;."/>
    <property name="java.vm.info" value="mixed mode, sharing"/>
    <property name="stderr.encoding" value="Cp1252"/>
    <property name="java.vendor" value="Oracle Corporation"/>
    <property name="java.vm.version" value="21.0.1+12-LTS-29"/>
    <property name="sun.io.unicode.encoding" value="UnicodeLittle"/>
    <property name="java.class.version" value="65.0"/>
  </properties>
  <testcase name="shouldAnswerWithTrue" classname="gic.maven.AppTest" time="0.001"/>
</testsuite>